Building DAG of jobs...
Using shell: /bin/bash
Provided cores: 1
Rules claiming more threads will be scaled down.
Job counts:
	count	jobs
	1	outputs
	1	visualize
	2

[Thu Apr 18 15:58:38 2019]
rule visualize:
    input: code-data/openRaw.graphml, code-data/reproduceRaw.graphml
    output: dist/openScience.pdf, dist/reproducibility.pdf
    jobid: 1

[Thu Apr 18 15:58:38 2019]
Error in rule visualize:
    jobid: 1
    output: dist/openScience.pdf, dist/reproducibility.pdf

Shutting down, this might take some time.
Exiting because a job execution failed. Look above for error message
Complete log: /home/jovyan/ReproducibilityDemo/.snakemake/log/2019-04-18T155838.425856.snakemake.log
