Building DAG of jobs...
Using shell: /bin/bash
Provided cores: 1
Rules claiming more threads will be scaled down.
Job counts:
	count	jobs
	1	dataIngestion
	1	dataTransformation
	1	genderDetect
	1	outputs
	1	visualize
	5

[Thu Apr 18 16:48:32 2019]
rule dataIngestion:
    input: code-data/Open-old.csv, code-data/Reproduce-old.csv
    output: code-data/Open.csv, code-data/Reproduce.csv
    jobid: 4

[Thu Apr 18 16:48:33 2019]
Error in rule dataIngestion:
    jobid: 4
    output: code-data/Open.csv, code-data/Reproduce.csv

Shutting down, this might take some time.
Exiting because a job execution failed. Look above for error message
Complete log: /home/jovyan/ReproducibilityDemo/.snakemake/log/2019-04-18T164832.650194.snakemake.log
