Building DAG of jobs...
Using shell: /bin/bash
Provided cores: 1
Rules claiming more threads will be scaled down.
Job counts:
	count	jobs
	1	dataIngestion
	1	dataTransformation
	1	genderDetect
	1	outputs
	1	visualize
	5

[Fri Apr 26 04:46:03 2019]
rule dataIngestion:
    input: Open-old.csv, Reproduce-old.csv
    output: Open.csv, Reproduce.csv
    jobid: 4

[Fri Apr 26 04:46:15 2019]
Finished job 4.
1 of 5 steps (20%) done

[Fri Apr 26 04:46:15 2019]
rule dataTransformation:
    input: Open.csv, Reproduce.csv
    output: openRaw.graphml, reproduceRaw.graphml, duplicated_remove.csv, newdataCombined.csv
    jobid: 3

[Fri Apr 26 04:46:22 2019]
Finished job 3.
2 of 5 steps (40%) done

[Fri Apr 26 04:46:22 2019]
rule genderDetect:
    input: newdataCombined.csv
    output: OpenSci3.csv, SinglePie.pdf, MultiPie.pdf
    jobid: 2

[Fri Apr 26 04:46:37 2019]
Finished job 2.
3 of 5 steps (60%) done

[Fri Apr 26 04:46:37 2019]
rule visualize:
    input: openRaw.graphml, reproduceRaw.graphml
    output: visualize/openScience.pdf, visualize/reproducibility.pdf
    jobid: 1

[Fri Apr 26 04:46:51 2019]
Finished job 1.
4 of 5 steps (80%) done

[Fri Apr 26 04:46:51 2019]
localrule outputs:
    input: visualize/openScience.pdf, visualize/reproducibility.pdf, OpenSci3.csv, SinglePie.pdf, MultiPie.pdf
    jobid: 0

[Fri Apr 26 04:46:51 2019]
Finished job 0.
5 of 5 steps (100%) done
Complete log: /home/jovyan/ReproducibilityDemo/code-data/.snakemake/log/2019-04-26T044603.330002.snakemake.log
