Building DAG of jobs...
Using shell: /bin/bash
Provided cores: 1
Rules claiming more threads will be scaled down.
Job counts:
	count	jobs
	1	all
	1	dataTransformation
	1	genderDetect
	3

[Wed Apr 17 21:16:41 2019]
rule dataTransformation:
    input: Open.csv, Reproduce.csv
    output: openRaw.graphml, reproduceRaw.graphml, duplicated_remove.csv, newdataCombined.csv
    jobid: 2

[Wed Apr 17 21:16:52 2019]
Finished job 2.
1 of 3 steps (33%) done

[Wed Apr 17 21:16:52 2019]
rule genderDetect:
    input: newdataCombined.csv
    output: OpenSci3.csv, Pie.csv
    jobid: 3

[Wed Apr 17 21:17:06 2019]
Finished job 3.
2 of 3 steps (67%) done

[Wed Apr 17 21:17:06 2019]
localrule all:
    input: Open.csv, Reproduce.csv, openRaw.graphml, reproduceRaw.graphml, duplicated_remove.csv, newdataCombined.csv, OpenSci3.csv, Pie.csv
    jobid: 0

[Wed Apr 17 21:17:06 2019]
Finished job 0.
3 of 3 steps (100%) done
Complete log: /home/jovyan/ReproducibilityDemo/code-data/.snakemake/log/2019-04-17T211641.246996.snakemake.log
