Building DAG of jobs...
Using shell: /bin/bash
Provided cores: 1
Rules claiming more threads will be scaled down.
Job counts:
	count	jobs
	1	computeSentiment
	1	textAnalysis
	1	top
	3

[Wed Jun 26 19:05:16 2019]
rule computeSentiment:
    input: output/OpenSci3Discipline.csv, input/Lancet Dictionaries.csv
    output: output/abstracts_scored_custom.csv, abstracts_scored.csv
    jobid: 5

[Wed Jun 26 19:06:52 2019]
Finished job 5.
1 of 3 steps (33%) done

[Wed Jun 26 19:06:52 2019]
rule textAnalysis:
    input: output/abstracts_scored_custom.csv, abstracts_scored.csv, input/Lancet Dictionaries.csv
    output: figures/ProSocialHist.pdf
    jobid: 6

[Wed Jun 26 19:06:53 2019]
Error in rule textAnalysis:
    jobid: 6
    output: figures/ProSocialHist.pdf

Shutting down, this might take some time.
Exiting because a job execution failed. Look above for error message
Complete log: /home/jovyan/ReproducibilityDemo/code-data/.snakemake/log/2019-06-26T190516.822267.snakemake.log
