Building DAG of jobs...
Using shell: /bin/bash
Provided cores: 1
Rules claiming more threads will be scaled down.
Job counts:
	count	jobs
	1	textAnalysis
	1	top
	2

[Wed Jun 26 19:30:48 2019]
rule textAnalysis:
    input: output/abstracts_scored_custom.csv, abstracts_scored.csv, input/Lancet Dictionaries.csv
    output: figures/ProSocialHist.pdf
    jobid: 6

[Wed Jun 26 19:30:49 2019]
Error in rule textAnalysis:
    jobid: 6
    output: figures/ProSocialHist.pdf

Shutting down, this might take some time.
Exiting because a job execution failed. Look above for error message
Complete log: /home/jovyan/ReproducibilityDemo/code-data/.snakemake/log/2019-06-26T193048.872754.snakemake.log
