Building DAG of jobs...
Using shell: /bin/bash
Provided cores: 1
Rules claiming more threads will be scaled down.
Job counts:
	count	jobs
	1	top
	1	visualize
	2

[Wed Jun 26 01:23:09 2019]
rule visualize:
    input: openRaw.graphml, reproduceRaw.graphml
    output: figures/openScience.pdf, figures/reproducibility.pdf
    jobid: 1

[Wed Jun 26 01:23:29 2019]
Finished job 1.
1 of 2 steps (50%) done

[Wed Jun 26 01:23:29 2019]
localrule top:
    input: figures/openScience.pdf, figures/reproducibility.pdf, output/OpenSci3.csv, figures/SinglePie.pdf, figures/MultiPie.pdf
    jobid: 0

[Wed Jun 26 01:23:29 2019]
Finished job 0.
2 of 2 steps (100%) done
Complete log: /home/jovyan/ReproducibilityDemo/code-data/.snakemake/log/2019-06-26T012309.448155.snakemake.log
