Building DAG of jobs...
Using shell: /bin/bash
Provided cores: 1
Rules claiming more threads will be scaled down.
Job counts:
	count	jobs
	1	dataTransformation
	1	genderDetect
	1	outputs
	1	visualize
	4

[Wed Jun 26 01:09:55 2019]
rule dataTransformation:
    input: Open.csv, Reproduce.csv
    output: openRaw.graphml, reproduceRaw.graphml, duplicated_remove.csv, newdataCombined.csv
    jobid: 3

[Wed Jun 26 01:10:00 2019]
Finished job 3.
1 of 4 steps (25%) done

[Wed Jun 26 01:10:00 2019]
rule genderDetect:
    input: newdataCombined.csv
    output: output/OpenSci3.csv, figures/SinglePie.pdf, figures/MultiPie.pdf
    jobid: 2

Waiting at most 5 seconds for missing files.
MissingOutputException in line 28 of /home/jovyan/ReproducibilityDemo/code-data/Snakefile:
Missing files after 5 seconds:
output/OpenSci3.csv
figures/SinglePie.pdf
figures/MultiPie.pdf
This might be due to filesystem latency. If that is the case, consider to increase the wait time with --latency-wait.
Shutting down, this might take some time.
Exiting because a job execution failed. Look above for error message
Complete log: /home/jovyan/ReproducibilityDemo/code-data/.snakemake/log/2019-06-26T010955.697619.snakemake.log
