Building DAG of jobs...
Using shell: /bin/bash
Provided cores: 1
Rules claiming more threads will be scaled down.
Job counts:
	count	jobs
	1	top
	1	visualize
	2

[Wed Jun 26 01:21:37 2019]
rule visualize:
    input: openRaw.graphml, reproduceRaw.graphml
    output: figures/openScience.pdf, figures/reproducibility.pdf
    jobid: 1

[Wed Jun 26 01:21:37 2019]
Error in rule visualize:
    jobid: 1
    output: figures/openScience.pdf, figures/reproducibility.pdf

Shutting down, this might take some time.
Exiting because a job execution failed. Look above for error message
Complete log: /home/jovyan/ReproducibilityDemo/code-data/.snakemake/log/2019-06-26T012137.224013.snakemake.log
